<html>
<head>
<title>TestNG:  Smoke Tests</title>
<link href="../testng.css" rel="stylesheet" type="text/css" />
<link href="../my-testng.css" rel="stylesheet" type="text/css" />

<style type="text/css">
.log { display: none;} 
.stack-trace { display: none;} 
</style>
<script type="text/javascript">
<!--
function flip(e) {
  current = e.style.display;
  if (current == 'block') {
    e.style.display = 'none';
    return 0;
  }
  else {
    e.style.display = 'block';
    return 1;
  }
}

function toggleBox(szDivId, elem, msg1, msg2)
{
  var res = -1;  if (document.getElementById) {
    res = flip(document.getElementById(szDivId));
  }
  else if (document.all) {
    // this is the way old msie versions work
    res = flip(document.all[szDivId]);
  }
  if(elem) {
    if(res == 0) elem.innerHTML = msg1; else elem.innerHTML = msg2;
  }

}

function toggleAllBoxes() {
  if (document.getElementsByTagName) {
    d = document.getElementsByTagName('div');
    for (i = 0; i < d.length; i++) {
      if (d[i].className == 'log') {
        flip(d[i]);
      }
    }
  }
}

// -->
</script>

</head>
<body>
<h2 align='center'>Smoke Tests</h2><table border='1' align="center">
<tr>
<td>Tests passed/Failed/Skipped:</td><td>15/1/0</td>
</tr><tr>
<td>Started on:</td><td>Tue Jan 06 14:22:58 CST 2015</td>
</tr>
<tr><td>Total time:</td><td>107 seconds (107756 ms)</td>
</tr><tr>
<td>Included groups:</td><td>smoke </td>
</tr><tr>
<td>Excluded groups:</td><td></td>
</tr>
</table><p/>
<small><i>(Hover the method name to see the test class name)</i></small><p/>
<table width='100%' border='1' class='invocation-failed'>
<tr><td colspan='4' align='center'><b>FAILED TESTS</b></td></tr>
<tr><td><b>Test method</b></td>
<td width="30%"><b>Exception</b></td>
<td width="10%"><b>Time (seconds)</b></td>
<td><b>Instance</b></td>
</tr>
<tr>
<td title='com.d3.endToEnd.D3AutomationDemo.verifyAccountsButton()'><b>verifyAccountsButton</b><br>Test class: com.d3.endToEnd.D3AutomationDemo</td>
<td><div><pre>org.openqa.selenium.TimeoutException: Timed out after 10 seconds waiting for text (&apos;My Accounts&apos;) to be present in element found by By.xpath: //*[contains(.,&apos;My Accounts&apos;)]
Build info: version: &apos;2.44.0&apos;, revision: &apos;76d78cf&apos;, time: &apos;2014-10-23 20:03:00&apos;
System info: host: &apos;D3-Cihal&apos;, ip: &apos;192.168.30.13&apos;, os.name: &apos;Windows 8.1&apos;, os.arch: &apos;x86&apos;, os.version: &apos;6.3&apos;, java.version: &apos;1.8.0_25&apos;
Driver info: org.openqa.selenium.chrome.ChromeDriver
Capabilities [{applicationCacheEnabled=false, rotatable=false, mobileEmulationEnabled=false, chrome={userDataDir=C:\Users\Dan\AppData\Local\Temp\scoped_dir7048_9470}, takesHeapSnapshot=true, databaseEnabled=false, handlesAlerts=true, version=39.0.2171.95, platform=WIN8_1, browserConnectionEnabled=false, nativeEvents=true, acceptSslCerts=true, locationContextEnabled=true, webStorageEnabled=true, browserName=chrome, takesScreenshot=true, javascriptEnabled=true, cssSelectorsEnabled=true}]
Session ID: f68f8c691ba13b6fde7ffa75240dfc35
	at org.openqa.selenium.support.ui.WebDriverWait.timeoutException(WebDriverWait.java:79)
	at org.openqa.selenium.support.ui.FluentWait.until(FluentWait.java:228)
	at com.d3.utils.Utils.isTextPresent(Utils.java:61)
	at com.d3.endToEnd.D3AutomationDemo.verifyAccountsButton(D3AutomationDemo.java:185)
	at sun.reflect.NativeMethodAccessorImpl.invoke0(Native Method)
	at sun.reflect.NativeMethodAccessorImpl.invoke(Unknown Source)
	at sun.reflect.DelegatingMethodAccessorImpl.invoke(Unknown Source)
	at java.lang.reflect.Method.invoke(Unknown Source)
	at org.testng.internal.MethodInvocationHelper.invokeMethod(MethodInvocationHelper.java:84)
	at org.testng.internal.Invoker.invokeMethod(Invoker.java:714)
	at org.testng.internal.Invoker.invokeTestMethod(Invoker.java:901)
	at org.testng.internal.Invoker.invokeTestMethods(Invoker.java:1231)
	at org.testng.internal.TestMethodWorker.invokeTestMethods(TestMethodWorker.java:127)
	at org.testng.internal.TestMethodWorker.run(TestMethodWorker.java:111)
	at org.testng.TestRunner.privateRun(TestRunner.java:767)
	at org.testng.TestRunner.run(TestRunner.java:617)
	at org.testng.SuiteRunner.runTest(SuiteRunner.java:334)
	at org.testng.SuiteRunner.runSequentially(SuiteRunner.java:329)
	at org.testng.SuiteRunner.privateRun(SuiteRunner.java:291)
	at org.testng.SuiteRunner.run(SuiteRunner.java:240)
	at org.testng.SuiteRunnerWorker.runSuite(SuiteRunnerWorker.java:52)
	at org.testng.SuiteRunnerWorker.run(SuiteRunnerWorker.java:86)
	at org.testng.TestNG.runSuitesSequentially(TestNG.java:1224)
	at org.testng.TestNG.runSuitesLocally(TestNG.java:1149)
	at org.testng.TestNG.run(TestNG.java:1057)
	at org.testng.remote.RemoteTestNG.run(RemoteTestNG.java:111)
	at org.testng.remote.RemoteTestNG.initAndRun(RemoteTestNG.java:204)
	at org.testng.remote.RemoteTestNG.main(RemoteTestNG.java:175)
Caused by: org.openqa.selenium.NoSuchElementException: no such element
  (Session info: chrome=39.0.2171.95)
  (Driver info: chromedriver=2.12.301325 (962dea43ddd90e7e4224a03fa3c36a421281abb7),platform=Windows NT 6.3 x86_64) (WARNING: The server did not provide any stacktrace information)
Command duration or timeout: 30.02 seconds
For documentation on this error, please visit: http://seleniumhq.org/exceptions/no_such_element.html
Build info: version: &apos;2.44.0&apos;, revision: &apos;76d78cf&apos;, time: &apos;2014-10-23 20:03:00&apos;
System info: host: &apos;D3-Cihal&apos;, ip: &apos;192.168.30.13&apos;, os.name: &apos;Windows 8.1&apos;, os.arch: &apos;x86&apos;, os.version: &apos;6.3&apos;, java.version: &apos;1.8.0_25&apos;
Driver info: org.openqa.selenium.chrome.ChromeDriver
Capabilities [{applicationCacheEnabled=false, rotatable=false, mobileEmulationEnabled=false, chrome={userDataDir=C:\Users\Dan\AppData\Local\Temp\scoped_dir7048_9470}, takesHeapSnapshot=true, databaseEnabled=false, handlesAlerts=true, version=39.0.2171.95, platform=WIN8_1, browserConnectionEnabled=false, nativeEvents=true, acceptSslCerts=true, locationContextEnabled=true, webStorageEnabled=true, browserName=chrome, takesScreenshot=true, javascriptEnabled=true, cssSelectorsEnabled=true}]
Session ID: f68f8c691ba13b6fde7ffa75240dfc35
	at sun.reflect.NativeConstructorAccessorImpl.newInstance0(Native Method)
	at sun.reflect.NativeConstructorAccessorImpl.newInstance(Unknown Source)
	at sun.reflect.DelegatingConstructorAccessorImpl.newInstance(Unknown Source)
	at java.lang.reflect.Constructor.newInstance(Unknown Source)
	at org.openqa.selenium.remote.ErrorHandler.createThrowable(ErrorHandler.java:204)
	at org.openqa.selenium.remote.ErrorHandler.throwIfResponseFailed(ErrorHandler.java:156)
	at org.openqa.selenium.remote.RemoteWebDriver.execute(RemoteWebDriver.java:599)
	at org.openqa.selenium.remote.RemoteWebDriver.findElement(RemoteWebDriver.java:352)
	at org.openqa.selenium.remote.RemoteWebDriver.findElementByXPath(RemoteWebDriver.java:449)
	at org.openqa.selenium.By$ByXPath.findElement(By.java:357)
	at org.openqa.selenium.remote.RemoteWebDriver.findElement(RemoteWebDriver.java:344)
	at org.openqa.selenium.support.ui.ExpectedConditions.findElement(ExpectedConditions.java:730)
	at org.openqa.selenium.support.ui.ExpectedConditions.access$0(ExpectedConditions.java:728)
	at org.openqa.selenium.support.ui.ExpectedConditions$10.apply(ExpectedConditions.java:312)
	at org.openqa.selenium.support.ui.ExpectedConditions$10.apply(ExpectedConditions.java:1)
	at org.openqa.selenium.support.ui.FluentWait.until(FluentWait.java:208)
	... 26 more
</pre></div><a href='#' onClick='toggleBox("stack-trace20094719", this, "Click to show all stack frames", "Click to hide stack frames")'>Click to show all stack frames</a>
<div class='stack-trace' id='stack-trace20094719'><pre>org.openqa.selenium.TimeoutException: Timed out after 10 seconds waiting for text (&apos;My Accounts&apos;) to be present in element found by By.xpath: //*[contains(.,&apos;My Accounts&apos;)]
Build info: version: &apos;2.44.0&apos;, revision: &apos;76d78cf&apos;, time: &apos;2014-10-23 20:03:00&apos;
System info: host: &apos;D3-Cihal&apos;, ip: &apos;192.168.30.13&apos;, os.name: &apos;Windows 8.1&apos;, os.arch: &apos;x86&apos;, os.version: &apos;6.3&apos;, java.version: &apos;1.8.0_25&apos;
Driver info: org.openqa.selenium.chrome.ChromeDriver
Capabilities [{applicationCacheEnabled=false, rotatable=false, mobileEmulationEnabled=false, chrome={userDataDir=C:\Users\Dan\AppData\Local\Temp\scoped_dir7048_9470}, takesHeapSnapshot=true, databaseEnabled=false, handlesAlerts=true, version=39.0.2171.95, platform=WIN8_1, browserConnectionEnabled=false, nativeEvents=true, acceptSslCerts=true, locationContextEnabled=true, webStorageEnabled=true, browserName=chrome, takesScreenshot=true, javascriptEnabled=true, cssSelectorsEnabled=true}]
Session ID: f68f8c691ba13b6fde7ffa75240dfc35
	at org.openqa.selenium.support.ui.WebDriverWait.timeoutException(WebDriverWait.java:79)
	at org.openqa.selenium.support.ui.FluentWait.until(FluentWait.java:228)
	at com.d3.utils.Utils.isTextPresent(Utils.java:61)
	at com.d3.endToEnd.D3AutomationDemo.verifyAccountsButton(D3AutomationDemo.java:185)
	at sun.reflect.NativeMethodAccessorImpl.invoke0(Native Method)
	at sun.reflect.NativeMethodAccessorImpl.invoke(Unknown Source)
	at sun.reflect.DelegatingMethodAccessorImpl.invoke(Unknown Source)
	at java.lang.reflect.Method.invoke(Unknown Source)
	at org.testng.internal.MethodInvocationHelper.invokeMethod(MethodInvocationHelper.java:84)
	at org.testng.internal.Invoker.invokeMethod(Invoker.java:714)
	at org.testng.internal.Invoker.invokeTestMethod(Invoker.java:901)
	at org.testng.internal.Invoker.invokeTestMethods(Invoker.java:1231)
	at org.testng.internal.TestMethodWorker.invokeTestMethods(TestMethodWorker.java:127)
	at org.testng.internal.TestMethodWorker.run(TestMethodWorker.java:111)
	at org.testng.TestRunner.privateRun(TestRunner.java:767)
	at org.testng.TestRunner.run(TestRunner.java:617)
	at org.testng.SuiteRunner.runTest(SuiteRunner.java:334)
	at org.testng.SuiteRunner.runSequentially(SuiteRunner.java:329)
	at org.testng.SuiteRunner.privateRun(SuiteRunner.java:291)
	at org.testng.SuiteRunner.run(SuiteRunner.java:240)
	at org.testng.SuiteRunnerWorker.runSuite(SuiteRunnerWorker.java:52)
	at org.testng.SuiteRunnerWorker.run(SuiteRunnerWorker.java:86)
	at org.testng.TestNG.runSuitesSequentially(TestNG.java:1224)
	at org.testng.TestNG.runSuitesLocally(TestNG.java:1149)
	at org.testng.TestNG.run(TestNG.java:1057)
	at org.testng.remote.RemoteTestNG.run(RemoteTestNG.java:111)
	at org.testng.remote.RemoteTestNG.initAndRun(RemoteTestNG.java:204)
	at org.testng.remote.RemoteTestNG.main(RemoteTestNG.java:175)
Caused by: org.openqa.selenium.NoSuchElementException: no such element
  (Session info: chrome=39.0.2171.95)
  (Driver info: chromedriver=2.12.301325 (962dea43ddd90e7e4224a03fa3c36a421281abb7),platform=Windows NT 6.3 x86_64) (WARNING: The server did not provide any stacktrace information)
Command duration or timeout: 30.02 seconds
For documentation on this error, please visit: http://seleniumhq.org/exceptions/no_such_element.html
Build info: version: &apos;2.44.0&apos;, revision: &apos;76d78cf&apos;, time: &apos;2014-10-23 20:03:00&apos;
System info: host: &apos;D3-Cihal&apos;, ip: &apos;192.168.30.13&apos;, os.name: &apos;Windows 8.1&apos;, os.arch: &apos;x86&apos;, os.version: &apos;6.3&apos;, java.version: &apos;1.8.0_25&apos;
Driver info: org.openqa.selenium.chrome.ChromeDriver
Capabilities [{applicationCacheEnabled=false, rotatable=false, mobileEmulationEnabled=false, chrome={userDataDir=C:\Users\Dan\AppData\Local\Temp\scoped_dir7048_9470}, takesHeapSnapshot=true, databaseEnabled=false, handlesAlerts=true, version=39.0.2171.95, platform=WIN8_1, browserConnectionEnabled=false, nativeEvents=true, acceptSslCerts=true, locationContextEnabled=true, webStorageEnabled=true, browserName=chrome, takesScreenshot=true, javascriptEnabled=true, cssSelectorsEnabled=true}]
Session ID: f68f8c691ba13b6fde7ffa75240dfc35
	at sun.reflect.NativeConstructorAccessorImpl.newInstance0(Native Method)
	at sun.reflect.NativeConstructorAccessorImpl.newInstance(Unknown Source)
	at sun.reflect.DelegatingConstructorAccessorImpl.newInstance(Unknown Source)
	at java.lang.reflect.Constructor.newInstance(Unknown Source)
	at org.openqa.selenium.remote.ErrorHandler.createThrowable(ErrorHandler.java:204)
	at org.openqa.selenium.remote.ErrorHandler.throwIfResponseFailed(ErrorHandler.java:156)
	at org.openqa.selenium.remote.RemoteWebDriver.execute(RemoteWebDriver.java:599)
	at org.openqa.selenium.remote.RemoteWebDriver.findElement(RemoteWebDriver.java:352)
	at org.openqa.selenium.remote.RemoteWebDriver.findElementByXPath(RemoteWebDriver.java:449)
	at org.openqa.selenium.By$ByXPath.findElement(By.java:357)
	at org.openqa.selenium.remote.RemoteWebDriver.findElement(RemoteWebDriver.java:344)
	at org.openqa.selenium.support.ui.ExpectedConditions.findElement(ExpectedConditions.java:730)
	at org.openqa.selenium.support.ui.ExpectedConditions.access$0(ExpectedConditions.java:728)
	at org.openqa.selenium.support.ui.ExpectedConditions$10.apply(ExpectedConditions.java:312)
	at org.openqa.selenium.support.ui.ExpectedConditions$10.apply(ExpectedConditions.java:1)
	at org.openqa.selenium.support.ui.FluentWait.until(FluentWait.java:208)
	... 26 more
</pre></div></td>
<td>30</td>
<td>com.d3.endToEnd.D3AutomationDemo@cbc42f</td></tr>
</table><p>
<table width='100%' border='1' class='invocation-passed'>
<tr><td colspan='4' align='center'><b>PASSED TESTS</b></td></tr>
<tr><td><b>Test method</b></td>
<td width="30%"><b>Exception</b></td>
<td width="10%"><b>Time (seconds)</b></td>
<td><b>Instance</b></td>
</tr>
<tr>
<td title='com.d3.endToEnd.D3AutomationDemo.verifyHelpButton()'><b>verifyHelpButton</b><br>Test class: com.d3.endToEnd.D3AutomationDemo</td>
<td></td>
<td>0</td>
<td>com.d3.endToEnd.D3AutomationDemo@cbc42f</td></tr>
<tr>
<td title='com.d3.accounts.asset.lookAndFeel.verifyHomepageTitle()'><b>verifyHomepageTitle</b><br>Test class: com.d3.accounts.asset.lookAndFeel</td>
<td></td>
<td>0</td>
<td>com.d3.accounts.asset.lookAndFeel@1474c6c</td></tr>
<tr>
<td title='com.d3.endToEnd.D3AutomationDemo.verifyHomepageTitle()'><b>verifyHomepageTitle</b><br>Test class: com.d3.endToEnd.D3AutomationDemo</td>
<td></td>
<td>0</td>
<td>com.d3.endToEnd.D3AutomationDemo@cbc42f</td></tr>
<tr>
<td title='com.d3.accounts.asset.lookAndFeel.verifyInvalidLogin()'><b>verifyInvalidLogin</b><br>Test class: com.d3.accounts.asset.lookAndFeel<br>Parameters: samueladamsiii</td>
<td></td>
<td>6</td>
<td>com.d3.accounts.asset.lookAndFeel@1474c6c</td></tr>
<tr>
<td title='com.d3.endToEnd.D3AutomationDemo.verifyInvalidLogin()'><b>verifyInvalidLogin</b><br>Test class: com.d3.endToEnd.D3AutomationDemo<br>Parameters: samueladamsiii</td>
<td></td>
<td>8</td>
<td>com.d3.endToEnd.D3AutomationDemo@cbc42f</td></tr>
<tr>
<td title='com.d3.endToEnd.D3AutomationDemo.verifyMessagesButton()'><b>verifyMessagesButton</b><br>Test class: com.d3.endToEnd.D3AutomationDemo</td>
<td></td>
<td>0</td>
<td>com.d3.endToEnd.D3AutomationDemo@cbc42f</td></tr>
<tr>
<td title='com.d3.endToEnd.D3AutomationDemo.verifyMoneyMovementButton()'><b>verifyMoneyMovementButton</b><br>Test class: com.d3.endToEnd.D3AutomationDemo</td>
<td></td>
<td>4</td>
<td>com.d3.endToEnd.D3AutomationDemo@cbc42f</td></tr>
<tr>
<td title='com.d3.endToEnd.D3AutomationDemo.verifyPlanButton()'><b>verifyPlanButton</b><br>Test class: com.d3.endToEnd.D3AutomationDemo</td>
<td></td>
<td>0</td>
<td>com.d3.endToEnd.D3AutomationDemo@cbc42f</td></tr>
<tr>
<td title='com.d3.endToEnd.D3AutomationDemo.verifyPlanningButton()'><b>verifyPlanningButton</b><br>Test class: com.d3.endToEnd.D3AutomationDemo</td>
<td></td>
<td>1</td>
<td>com.d3.endToEnd.D3AutomationDemo@cbc42f</td></tr>
<tr>
<td title='com.d3.accounts.asset.lookAndFeel.verifySecretQuestion()'><b>verifySecretQuestion</b><br>Test class: com.d3.accounts.asset.lookAndFeel<br>Parameters: denver</td>
<td></td>
<td>2</td>
<td>com.d3.accounts.asset.lookAndFeel@1474c6c</td></tr>
<tr>
<td title='com.d3.endToEnd.D3AutomationDemo.verifySecretQuestion()'><b>verifySecretQuestion</b><br>Test class: com.d3.endToEnd.D3AutomationDemo<br>Parameters: denver</td>
<td></td>
<td>37</td>
<td>com.d3.endToEnd.D3AutomationDemo@cbc42f</td></tr>
<tr>
<td title='com.d3.endToEnd.D3AutomationDemo.verifySettingsButton()'><b>verifySettingsButton</b><br>Test class: com.d3.endToEnd.D3AutomationDemo</td>
<td></td>
<td>0</td>
<td>com.d3.endToEnd.D3AutomationDemo@cbc42f</td></tr>
<tr>
<td title='com.d3.endToEnd.D3AutomationDemo.verifyTransactionsButton()'><b>verifyTransactionsButton</b><br>Test class: com.d3.endToEnd.D3AutomationDemo</td>
<td></td>
<td>0</td>
<td>com.d3.endToEnd.D3AutomationDemo@cbc42f</td></tr>
<tr>
<td title='com.d3.accounts.asset.lookAndFeel.verifyValidLogin()'><b>verifyValidLogin</b><br>Test class: com.d3.accounts.asset.lookAndFeel<br>Parameters: samueladamsiii, password</td>
<td></td>
<td>0</td>
<td>com.d3.accounts.asset.lookAndFeel@1474c6c</td></tr>
<tr>
<td title='com.d3.endToEnd.D3AutomationDemo.verifyValidLogin()'><b>verifyValidLogin</b><br>Test class: com.d3.endToEnd.D3AutomationDemo<br>Parameters: samueladamsiii, password</td>
<td></td>
<td>0</td>
<td>com.d3.endToEnd.D3AutomationDemo@cbc42f</td></tr>
</table><p>
</body>
</html>